[20:59:31] [ServerMain/WARN]: COM exception: Invalid Class Win32_Processor
[20:59:31] [ServerMain/WARN]: COM exception: Invalid Class Win32_Processor
[20:59:31] [ServerMain/WARN]: COM exception: Invalid Class Win32_PhysicalMemory
[20:59:43] [ServerMain/ERROR]: Failed to load properties from file: server.properties
java.nio.file.NoSuchFileException: server.properties
	at java.base/sun.nio.fs.WindowsException.translateToIOException(WindowsException.java:85) ~[?:?]
	at java.base/sun.nio.fs.WindowsException.rethrowAsIOException(WindowsException.java:103) ~[?:?]
	at java.base/sun.nio.fs.WindowsException.rethrowAsIOException(WindowsException.java:108) ~[?:?]
	at java.base/sun.nio.fs.WindowsFileSystemProvider.newByteChannel(WindowsFileSystemProvider.java:234) ~[?:?]
	at java.base/java.nio.file.Files.newByteChannel(Files.java:379) ~[?:?]
	at java.base/java.nio.file.Files.newByteChannel(Files.java:431) ~[?:?]
	at java.base/java.nio.file.spi.FileSystemProvider.newInputStream(FileSystemProvider.java:420) ~[?:?]
	at java.base/java.nio.file.Files.newInputStream(Files.java:159) ~[?:?]
	at apy.b(SourceFile:62) ~[server-1.21.4.jar:?]
	at apv.a(SourceFile:141) ~[server-1.21.4.jar:?]
	at apw.<init>(SourceFile:12) ~[server-1.21.4.jar:?]
	at net.minecraft.server.Main.main(SourceFile:116) ~[server-1.21.4.jar:?]
	at net.minecraft.bundler.Main.lambda$run$0(Main.java:54) ~[?:?]
	at java.base/java.lang.Thread.run(Thread.java:1570) [?:?]
[20:59:43] [ServerMain/WARN]: Failed to load eula.txt
[20:59:43] [ServerMain/INFO]: You need to agree to the EULA in order to run the server. Go to eula.txt for more info.
